<?xml version="1.0" encoding="utf-8"?><testsuites name="pytest tests"><testsuite name="pytest" errors="0" failures="0" skipped="0" tests="2" time="0.134" timestamp="2025-09-19T15:01:22.393299+02:00" hostname="Mastermind"><testcase classname="examples.pilot-python.tests.test_api" name="test_add" time="0.002" /><testcase classname="examples.pilot-python.tests.test_api" name="test_subtract" time="0.001" /></testsuite></testsuites>