<?xml version="1.0" encoding="utf-8"?><testsuites name="pytest tests"><testsuite name="pytest" errors="0" failures="0" skipped="0" tests="2" time="0.128" timestamp="2025-09-20T17:46:41.862453+02:00" hostname="Mastermind"><testcase classname="tests.test_api" name="test_add" time="0.002" /><testcase classname="tests.test_api" name="test_subtract" time="0.003" /></testsuite></testsuites>